#
# A fatal error has been detected by the Java Runtime Environment:
#
#  EXCEPTION_ACCESS_VIOLATION (0xc0000005) at pc=0x00007fff5347de60, pid=6808, tid=0x000000000000065c
#
# JRE version: Java(TM) SE Runtime Environment (8.0_181-b13) (build 1.8.0_181-b13)
# Java VM: Java HotSpot(TM) 64-Bit Server VM (25.181-b13 mixed mode windows-amd64 compressed oops)
# Problematic frame:
# C  [USBAccessLink_3_40.dll+0x1de60]
#
# Failed to write core dump. Minidumps are not enabled by default on client versions of Windows
#
# If you would like to submit a bug report, please visit:
#   http://bugreport.java.com/bugreport/crash.jsp
# The crash happened outside the Java Virtual Machine in native code.
# See problematic frame for where to report the bug.
#

---------------  T H R E A D  ---------------

Current thread (0x000000001b048800):  JavaThread "Timer-2" [_thread_in_native, id=1628, stack(0x000000001f6c0000,0x000000001f7c0000)]

siginfo: ExceptionCode=0xc0000005, reading address 0xffffe00000000000

Registers:
RAX=0x0000000000000400, RBX=0x0000000017d2ecd8, RCX=0xffffe00000000000, RDX=0x00009fff5348e400
RSP=0x000000001f7beb38, RBP=0x000000001f7bedd0, RSI=0x000000001d2aea10, RDI=0x0000000000000148
R8 =0x0000000000000040, R9 =0x0000000000002710, R10=0xfefefefefefefeff, R11=0x8080808080808080
R12=0x0000000000000000, R13=0x0000000017d2ecd8, R14=0x000000001f7bee20, R15=0x000000001b048800
RIP=0x00007fff5347de60, EFLAGS=0x0000000000010293

Top of Stack: (sp=0x000000001f7beb38)
0x000000001f7beb38:   00007fff5347a486 0000000000000001
0x000000001f7beb48:   00007fff53468447 000000001f7beba3
0x000000001f7beb58:   0000000000dcd900 0000000000000001
0x000000001f7beb68:   00007fff53466b37 000000001b048800
0x000000001f7beb78:   00007fff53476156 0000000000de96c0
0x000000001f7beb88:   0000000065be74b0 0000000000000000
0x000000001f7beb98:   0000000065ce8d17 0000000000000002
0x000000001f7beba8:   0000000000000040 0000000000000000
0x000000001f7bebb8:   0000000000000040 000000001b35bb80
0x000000001f7bebc8:   00000000655ef14a 000000001b048800
0x000000001f7bebd8:   0000000000000040 000000001f7bed10
0x000000001f7bebe8:   0000000000dcd900 0000000000000000
0x000000001f7bebf8:   00007fff5346fe73 00000000d8698a68
0x000000001f7bec08:   0000000000000010 0000000000000040
0x000000001f7bec18:   000000006552a569 0000000000000040
0x000000001f7bec28:   000000001b048800 0000000000000000 

Instructions: (pc=0x00007fff5347de60)
0x00007fff5347de40:   80 80 80 80 80 80 49 ba ff fe fe fe fe fe fe fe
0x00007fff5347de50:   67 8d 04 11 25 ff 0f 00 00 3d f8 0f 00 00 77 c8
0x00007fff5347de60:   48 8b 01 48 3b 04 11 75 bf 4d 8d 0c 02 48 f7 d0
0x00007fff5347de70:   48 83 c1 08 49 23 c1 49 85 c3 74 d4 33 c0 c3 48 


Register to memory mapping:

RAX=0x0000000000000400 is an unknown value
RBX={method} {0x0000000017d2ece0} 'usbWriteInterruptPipe' '(IIIII[B)I' in 'com/microchip/mplab/comm/MPLABCommUSBAccess'
RCX=0xffffe00000000000 is an unknown value
RDX=0x00009fff5348e400 is an unknown value
RSP=0x000000001f7beb38 is pointing into the stack for thread: 0x000000001b048800
RBP=0x000000001f7bedd0 is pointing into the stack for thread: 0x000000001b048800
RSI=0x000000001d2aea10 is pointing into metadata
RDI=0x0000000000000148 is an unknown value
R8 =0x0000000000000040 is an unknown value
R9 =0x0000000000002710 is an unknown value
R10=0xfefefefefefefeff is an unknown value
R11=0x8080808080808080 is an unknown value
R12=0x0000000000000000 is an unknown value
R13={method} {0x0000000017d2ece0} 'usbWriteInterruptPipe' '(IIIII[B)I' in 'com/microchip/mplab/comm/MPLABCommUSBAccess'
R14=0x000000001f7bee20 is pointing into the stack for thread: 0x000000001b048800
R15=0x000000001b048800 is a thread


Stack: [0x000000001f6c0000,0x000000001f7c0000],  sp=0x000000001f7beb38,  free space=1018k
Native frames: (J=compiled Java code, j=interpreted, Vv=VM code, C=native code)
C  [USBAccessLink_3_40.dll+0x1de60]
C  [USBAccessLink_3_40.dll+0x1a486]
C  [USBAccessLink_3_40.dll+0x16156]
C  [USBAccessLink_3_40.dll+0xf399]
C  0x0000000003148c67

Java frames: (J=compiled Java code, j=interpreted, Vv=VM code)
j  com.microchip.mplab.comm.MPLABCommUSBAccess.usbWriteInterruptPipe(IIIII[B)I+0
j  com.microchip.mplab.comm.MPLABCommUSBAccess.USB_WriteInterruptPipe(IIIII[B)I+10
j  com.microchip.mplab.comm.MPLABCommUSBTool.WritePipe(III[BLcom/microchip/mplab/comm/MPLABCommCompletionInterface;I)I+116
j  com.microchip.mplab.mdbcore.PICKit3Tool.PK3HID.sendData([BII)Z+180
j  com.microchip.mplab.mdbcore.PICKit3Tool.PK3DbgToolCom.BlockSend([BIII)I+22
j  com.microchip.mplab.mdbcore.RealICETool.RIDbgToolCommands.SendCommandReceiveResponse([BI[BI)I+44
j  com.microchip.mplab.mdbcore.RealICETool.RIDbgToolCommands.SendCommandReceiveResponseWithData(SI[B)I+18
j  com.microchip.mplab.mdbcore.RealICETool.RIDbgToolCommands.GetStatus()Lcom/microchip/mplab/mdbcore/RealICETool/RIStatusData;+21
j  com.microchip.mplab.mdbcore.RealICETool.RIDbgToolBase$StatusTimerTask.run()V+129
j  java.util.TimerThread.mainLoop()V+221
j  java.util.TimerThread.run()V+1
v  ~StubRoutines::call_stub

---------------  P R O C E S S  ---------------

Java Threads: ( => current thread )
  0x000000001b043000 JavaThread "Thread-4" [_thread_in_native, id=6504, stack(0x00000000206e0000,0x00000000207e0000)]
=>0x000000001b048800 JavaThread "Timer-2" [_thread_in_native, id=1628, stack(0x000000001f6c0000,0x000000001f7c0000)]
  0x000000001c607800 JavaThread "RequestProcessor queue manager" daemon [_thread_blocked, id=10268, stack(0x000000001d020000,0x000000001d120000)]
  0x000000001b534000 JavaThread "Thread-3" [_thread_in_native, id=7384, stack(0x000000001be10000,0x000000001bf10000)]
  0x000000001b3e5800 JavaThread "Thread-2" [_thread_blocked, id=9108, stack(0x000000001bd10000,0x000000001be10000)]
  0x000000001b51c000 JavaThread "Active Reference Queue Daemon" daemon [_thread_blocked, id=14132, stack(0x000000001b6f0000,0x000000001b7f0000)]
  0x0000000019f4f800 JavaThread "Service Thread" daemon [_thread_blocked, id=13708, stack(0x000000001acf0000,0x000000001adf0000)]
  0x0000000019f29800 JavaThread "C1 CompilerThread3" daemon [_thread_blocked, id=11756, stack(0x000000001abf0000,0x000000001acf0000)]
  0x0000000019f25800 JavaThread "C2 CompilerThread2" daemon [_thread_blocked, id=14064, stack(0x000000001aaf0000,0x000000001abf0000)]
  0x0000000019f24800 JavaThread "C2 CompilerThread1" daemon [_thread_blocked, id=1332, stack(0x000000001a9f0000,0x000000001aaf0000)]
  0x0000000019f23000 JavaThread "C2 CompilerThread0" daemon [_thread_blocked, id=10408, stack(0x000000001a8f0000,0x000000001a9f0000)]
  0x0000000019f2e000 JavaThread "Attach Listener" daemon [_thread_blocked, id=8972, stack(0x000000001a7f0000,0x000000001a8f0000)]
  0x0000000019f2d000 JavaThread "Signal Dispatcher" daemon [_thread_blocked, id=15172, stack(0x000000001a6f0000,0x000000001a7f0000)]
  0x0000000018133800 JavaThread "Finalizer" daemon [_thread_blocked, id=5456, stack(0x000000001a3f0000,0x000000001a4f0000)]
  0x000000001812c800 JavaThread "Reference Handler" daemon [_thread_blocked, id=14936, stack(0x000000001a2f0000,0x000000001a3f0000)]
  0x0000000003034000 JavaThread "main" [_thread_blocked, id=3744, stack(0x0000000002f00000,0x0000000003000000)]

Other Threads:
  0x0000000018129000 VMThread [stack: 0x0000000019df0000,0x0000000019ef0000] [id=4532]
  0x0000000019f52000 WatcherThread [stack: 0x000000001adf0000,0x000000001aef0000] [id=6140]

VM state:not at safepoint (normal execution)

VM Mutex/Monitor currently owned by a thread: None

Heap:
 PSYoungGen      total 151040K, used 58012K [0x00000000d5980000, 0x00000000e0180000, 0x0000000100000000)
  eden space 133120K, 35% used [0x00000000d5980000,0x00000000d8776490,0x00000000ddb80000)
  from space 17920K, 61% used [0x00000000df000000,0x00000000dfab0e50,0x00000000e0180000)
  to   space 19456K, 0% used [0x00000000ddb80000,0x00000000ddb80000,0x00000000dee80000)
 ParOldGen       total 87552K, used 32467K [0x0000000080c00000, 0x0000000086180000, 0x00000000d5980000)
  object space 87552K, 37% used [0x0000000080c00000,0x0000000082bb4c20,0x0000000086180000)
 Metaspace       used 18576K, capacity 18786K, committed 18944K, reserved 1067008K
  class space    used 1967K, capacity 2029K, committed 2048K, reserved 1048576K

Card table byte_map: [0x00000000124f0000,0x00000000128f0000] byte_map_base: 0x00000000120ea000

Marking Bits: (ParMarkBitMap*) 0x0000000065bf2d00
 Begin Bits: [0x00000000133a0000, 0x0000000015370000)
 End Bits:   [0x0000000015370000, 0x0000000017340000)

Polling page: 0x0000000001170000

CodeCache: size=245760Kb used=10110Kb max_used=10123Kb free=235649Kb
 bounds [0x0000000003130000, 0x0000000003b20000, 0x0000000012130000]
 total_blobs=3245 nmethods=2837 adapters=320
 compilation: enabled

Compilation events (10 events):
Event: 14.344 Thread 0x0000000019f24800 2870 %     4       java.lang.String::replace @ 78 (127 bytes)
Event: 14.349 Thread 0x0000000019f29800 2871       3       java.io.OutputStream::flush (1 bytes)
Event: 14.349 Thread 0x0000000019f29800 nmethod 2871 0x0000000003b18fd0 code [0x0000000003b19120, 0x0000000003b19270]
Event: 14.350 Thread 0x0000000019f24800 nmethod 2870% 0x0000000003b17490 code [0x0000000003b175e0, 0x0000000003b17938]
Event: 14.351 Thread 0x0000000019f29800 2872       3       java.io.PrintStream::ensureOpen (18 bytes)
Event: 14.351 Thread 0x0000000019f29800 nmethod 2872 0x0000000003b17010 code [0x0000000003b17180, 0x0000000003b173c8]
Event: 14.357 Thread 0x0000000019f29800 2874       3       java.lang.String::<init> (15 bytes)
Event: 14.357 Thread 0x0000000019f29800 nmethod 2874 0x0000000003b16550 code [0x0000000003b166e0, 0x0000000003b16ac8]
Event: 14.358 Thread 0x0000000019f25800 2875       4       java.util.Properties$LineReader::readLine (468 bytes)
Event: 14.367 Thread 0x0000000019f25800 nmethod 2875 0x0000000003b1a850 code [0x0000000003b1a9e0, 0x0000000003b1af58]

GC Heap History (10 events):
Event: 1.361 GC heap before
{Heap before GC invocations=2 (full 0):
 PSYoungGen      total 38400K, used 36176K [0x00000000d5980000, 0x00000000d8400000, 0x0000000100000000)
  eden space 33280K, 100% used [0x00000000d5980000,0x00000000d7a00000,0x00000000d7a00000)
  from space 5120K, 56% used [0x00000000d7a00000,0x00000000d7cd42f0,0x00000000d7f00000)
  to   space 5120K, 0% used [0x00000000d7f00000,0x00000000d7f00000,0x00000000d8400000)
 ParOldGen       total 87552K, used 80K [0x0000000080c00000, 0x0000000086180000, 0x00000000d5980000)
  object space 87552K, 0% used [0x0000000080c00000,0x0000000080c14010,0x0000000086180000)
 Metaspace       used 11478K, capacity 11658K, committed 11904K, reserved 1060864K
  class space    used 1228K, capacity 1307K, committed 1408K, reserved 1048576K
Event: 1.377 GC heap after
Heap after GC invocations=2 (full 0):
 PSYoungGen      total 38400K, used 5104K [0x00000000d5980000, 0x00000000da480000, 0x0000000100000000)
  eden space 33280K, 0% used [0x00000000d5980000,0x00000000d5980000,0x00000000d7a00000)
  from space 5120K, 99% used [0x00000000d7f00000,0x00000000d83fc010,0x00000000d8400000)
  to   space 5120K, 0% used [0x00000000d7a00000,0x00000000d7a00000,0x00000000d7f00000)
 ParOldGen       total 87552K, used 12970K [0x0000000080c00000, 0x0000000086180000, 0x00000000d5980000)
  object space 87552K, 14% used [0x0000000080c00000,0x00000000818aa850,0x0000000086180000)
 Metaspace       used 11478K, capacity 11658K, committed 11904K, reserved 1060864K
  class space    used 1228K, capacity 1307K, committed 1408K, reserved 1048576K
}
Event: 1.654 GC heap before
{Heap before GC invocations=3 (full 0):
 PSYoungGen      total 38400K, used 38384K [0x00000000d5980000, 0x00000000da480000, 0x0000000100000000)
  eden space 33280K, 100% used [0x00000000d5980000,0x00000000d7a00000,0x00000000d7a00000)
  from space 5120K, 99% used [0x00000000d7f00000,0x00000000d83fc010,0x00000000d8400000)
  to   space 5120K, 0% used [0x00000000d7a00000,0x00000000d7a00000,0x00000000d7f00000)
 ParOldGen       total 87552K, used 12970K [0x0000000080c00000, 0x0000000086180000, 0x00000000d5980000)
  object space 87552K, 14% used [0x0000000080c00000,0x00000000818aa850,0x0000000086180000)
 Metaspace       used 11809K, capacity 11920K, committed 12160K, reserved 1060864K
  class space    used 1240K, capacity 1308K, committed 1408K, reserved 1048576K
Event: 1.662 GC heap after
Heap after GC invocations=3 (full 0):
 PSYoungGen      total 38400K, used 5104K [0x00000000d5980000, 0x00000000da480000, 0x0000000100000000)
  eden space 33280K, 0% used [0x00000000d5980000,0x00000000d5980000,0x00000000d7a00000)
  from space 5120K, 99% used [0x00000000d7a00000,0x00000000d7efc030,0x00000000d7f00000)
  to   space 5120K, 0% used [0x00000000d9f80000,0x00000000d9f80000,0x00000000da480000)
 ParOldGen       total 87552K, used 16530K [0x0000000080c00000, 0x0000000086180000, 0x00000000d5980000)
  object space 87552K, 18% used [0x0000000080c00000,0x0000000081c24870,0x0000000086180000)
 Metaspace       used 11809K, capacity 11920K, committed 12160K, reserved 1060864K
  class space    used 1240K, capacity 1308K, committed 1408K, reserved 1048576K
}
Event: 2.016 GC heap before
{Heap before GC invocations=4 (full 0):
 PSYoungGen      total 38400K, used 38384K [0x00000000d5980000, 0x00000000da480000, 0x0000000100000000)
  eden space 33280K, 100% used [0x00000000d5980000,0x00000000d7a00000,0x00000000d7a00000)
  from space 5120K, 99% used [0x00000000d7a00000,0x00000000d7efc030,0x00000000d7f00000)
  to   space 5120K, 0% used [0x00000000d9f80000,0x00000000d9f80000,0x00000000da480000)
 ParOldGen       total 87552K, used 16530K [0x0000000080c00000, 0x0000000086180000, 0x00000000d5980000)
  object space 87552K, 18% used [0x0000000080c00000,0x0000000081c24870,0x0000000086180000)
 Metaspace       used 12498K, capacity 12706K, committed 12928K, reserved 1060864K
  class space    used 1297K, capacity 1377K, committed 1408K, reserved 1048576K
Event: 2.030 GC heap after
Heap after GC invocations=4 (full 0):
 PSYoungGen      total 71680K, used 5104K [0x00000000d5980000, 0x00000000da480000, 0x0000000100000000)
  eden space 66560K, 0% used [0x00000000d5980000,0x00000000d5980000,0x00000000d9a80000)
  from space 5120K, 99% used [0x00000000d9f80000,0x00000000da47c030,0x00000000da480000)
  to   space 5120K, 0% used [0x00000000d9a80000,0x00000000d9a80000,0x00000000d9f80000)
 ParOldGen       total 87552K, used 28438K [0x0000000080c00000, 0x0000000086180000, 0x00000000d5980000)
  object space 87552K, 32% used [0x0000000080c00000,0x00000000827c5948,0x0000000086180000)
 Metaspace       used 12498K, capacity 12706K, committed 12928K, reserved 1060864K
  class space    used 1297K, capacity 1377K, committed 1408K, reserved 1048576K
}
Event: 2.723 GC heap before
{Heap before GC invocations=5 (full 0):
 PSYoungGen      total 71680K, used 71664K [0x00000000d5980000, 0x00000000da480000, 0x0000000100000000)
  eden space 66560K, 100% used [0x00000000d5980000,0x00000000d9a80000,0x00000000d9a80000)
  from space 5120K, 99% used [0x00000000d9f80000,0x00000000da47c030,0x00000000da480000)
  to   space 5120K, 0% used [0x00000000d9a80000,0x00000000d9a80000,0x00000000d9f80000)
 ParOldGen       total 87552K, used 28438K [0x0000000080c00000, 0x0000000086180000, 0x00000000d5980000)
  object space 87552K, 32% used [0x0000000080c00000,0x00000000827c5948,0x0000000086180000)
 Metaspace       used 15900K, capacity 16146K, committed 16384K, reserved 1064960K
  class space    used 1645K, capacity 1705K, committed 1792K, reserved 1048576K
Event: 2.734 GC heap after
Heap after GC invocations=5 (full 0):
 PSYoungGen      total 71680K, used 5104K [0x00000000d5980000, 0x00000000e0480000, 0x0000000100000000)
  eden space 66560K, 0% used [0x00000000d5980000,0x00000000d5980000,0x00000000d9a80000)
  from space 5120K, 99% used [0x00000000d9a80000,0x00000000d9f7c010,0x00000000d9f80000)
  to   space 20992K, 0% used [0x00000000df000000,0x00000000df000000,0x00000000e0480000)
 ParOldGen       total 87552K, used 32459K [0x0000000080c00000, 0x0000000086180000, 0x00000000d5980000)
  object space 87552K, 37% used [0x0000000080c00000,0x0000000082bb2c20,0x0000000086180000)
 Metaspace       used 15900K, capacity 16146K, committed 16384K, reserved 1064960K
  class space    used 1645K, capacity 1705K, committed 1792K, reserved 1048576K
}
Event: 3.063 GC heap before
{Heap before GC invocations=6 (full 0):
 PSYoungGen      total 71680K, used 71664K [0x00000000d5980000, 0x00000000e0480000, 0x0000000100000000)
  eden space 66560K, 100% used [0x00000000d5980000,0x00000000d9a80000,0x00000000d9a80000)
  from space 5120K, 99% used [0x00000000d9a80000,0x00000000d9f7c010,0x00000000d9f80000)
  to   space 20992K, 0% used [0x00000000df000000,0x00000000df000000,0x00000000e0480000)
 ParOldGen       total 87552K, used 32459K [0x0000000080c00000, 0x0000000086180000, 0x00000000d5980000)
  object space 87552K, 37% used [0x0000000080c00000,0x0000000082bb2c20,0x0000000086180000)
 Metaspace       used 17330K, capacity 17554K, committed 17792K, reserved 1064960K
  class space    used 1832K, capacity 1897K, committed 1920K, reserved 1048576K
Event: 3.075 GC heap after
Heap after GC invocations=6 (full 0):
 PSYoungGen      total 151040K, used 10947K [0x00000000d5980000, 0x00000000e0180000, 0x0000000100000000)
  eden space 133120K, 0% used [0x00000000d5980000,0x00000000d5980000,0x00000000ddb80000)
  from space 17920K, 61% used [0x00000000df000000,0x00000000dfab0e50,0x00000000e0180000)
  to   space 19456K, 0% used [0x00000000ddb80000,0x00000000ddb80000,0x00000000dee80000)
 ParOldGen       total 87552K, used 32467K [0x0000000080c00000, 0x0000000086180000, 0x00000000d5980000)
  object space 87552K, 37% used [0x0000000080c00000,0x0000000082bb4c20,0x0000000086180000)
 Metaspace       used 17330K, capacity 17554K, committed 17792K, reserved 1064960K
  class space    used 1832K, capacity 1897K, committed 1920K, reserved 1048576K
}

Deoptimization events (10 events):
Event: 3.159 Thread 0x0000000003034000 Uncommon trap: reason=class_check action=maybe_recompile pc=0x0000000003778fdc method=java.util.regex.Matcher.getSubSequence(II)Ljava/lang/CharSequence; @ 6
Event: 3.160 Thread 0x0000000003034000 Uncommon trap: reason=bimorphic action=maybe_recompile pc=0x0000000003a1eca0 method=java.util.regex.Pattern$Curly.match(Ljava/util/regex/Matcher;ILjava/lang/CharSequence;)Z @ 19
Event: 3.161 Thread 0x0000000003034000 Uncommon trap: reason=bimorphic action=maybe_recompile pc=0x0000000003a1eca0 method=java.util.regex.Pattern$Curly.match(Ljava/util/regex/Matcher;ILjava/lang/CharSequence;)Z @ 19
Event: 3.171 Thread 0x0000000003034000 Uncommon trap: reason=bimorphic action=maybe_recompile pc=0x0000000003a1eca0 method=java.util.regex.Pattern$Curly.match(Ljava/util/regex/Matcher;ILjava/lang/CharSequence;)Z @ 19
Event: 3.172 Thread 0x0000000003034000 Uncommon trap: reason=bimorphic action=maybe_recompile pc=0x0000000003a1eca0 method=java.util.regex.Pattern$Curly.match(Ljava/util/regex/Matcher;ILjava/lang/CharSequence;)Z @ 19
Event: 3.272 Thread 0x0000000003034000 Uncommon trap: reason=unstable_if action=reinterpret pc=0x000000000371f688 method=com.sun.org.apache.xerces.internal.dom.DeepNodeListImpl.nextMatchingElementAfter(Lorg/w3c/dom/Node;)Lorg/w3c/dom/Node; @ 110
Event: 3.294 Thread 0x0000000003034000 Uncommon trap: reason=unstable_if action=reinterpret pc=0x000000000330b864 method=java.lang.String.replace(CC)Ljava/lang/String; @ 2
Event: 14.316 Thread 0x0000000003034000 Uncommon trap: reason=bimorphic action=maybe_recompile pc=0x00000000037dff04 method=java.util.HashMap.putVal(ILjava/lang/Object;Ljava/lang/Object;ZZ)Ljava/lang/Object; @ 91
Event: 14.358 Thread 0x000000001b043000 Uncommon trap: reason=predicate action=maybe_recompile pc=0x00000000039d627c method=sun.net.www.ParseUtil.encodePath(Ljava/lang/String;Z)Ljava/lang/String; @ 36
Event: 14.358 Thread 0x000000001b043000 Uncommon trap: reason=unstable_if action=reinterpret pc=0x000000000346ab20 method=java.net.URI.match(CJJ)Z @ 45

Classes redefined (0 events):
No events

Internal exceptions (10 events):
Event: 4.702 Thread 0x000000001b046800 Exception <a 'java/io/FileNotFoundException'> (0x00000000d7969470) thrown at [C:\re\workspace\8-2-build-windows-amd64-cygwin\jdk8u181\11358\hotspot\src\share\vm\prims\jni.cpp, line 709]
Event: 4.702 Thread 0x000000001b046800 Exception <a 'java/io/FileNotFoundException'> (0x00000000d796ada0) thrown at [C:\re\workspace\8-2-build-windows-amd64-cygwin\jdk8u181\11358\hotspot\src\share\vm\prims\jni.cpp, line 709]
Event: 4.704 Thread 0x000000001b046800 Exception <a 'java/io/FileNotFoundException'> (0x00000000d796df40) thrown at [C:\re\workspace\8-2-build-windows-amd64-cygwin\jdk8u181\11358\hotspot\src\share\vm\prims\jni.cpp, line 709]
Event: 4.705 Thread 0x000000001b046800 Exception <a 'java/io/FileNotFoundException'> (0x00000000d796fc28) thrown at [C:\re\workspace\8-2-build-windows-amd64-cygwin\jdk8u181\11358\hotspot\src\share\vm\prims\jni.cpp, line 709]
Event: 8.082 Thread 0x000000001b046800 Exception <a 'java/io/FileNotFoundException'> (0x00000000d7c29710) thrown at [C:\re\workspace\8-2-build-windows-amd64-cygwin\jdk8u181\11358\hotspot\src\share\vm\prims\jni.cpp, line 709]
Event: 8.194 Thread 0x000000001b046800 Exception <a 'java/io/FileNotFoundException'> (0x00000000d7c30970) thrown at [C:\re\workspace\8-2-build-windows-amd64-cygwin\jdk8u181\11358\hotspot\src\share\vm\prims\jni.cpp, line 709]
Event: 8.195 Thread 0x000000001b046800 Exception <a 'java/io/FileNotFoundException'> (0x00000000d7c32e78) thrown at [C:\re\workspace\8-2-build-windows-amd64-cygwin\jdk8u181\11358\hotspot\src\share\vm\prims\jni.cpp, line 709]
Event: 13.066 Thread 0x000000001b046800 Exception <a 'java/io/FileNotFoundException'> (0x00000000d7ebc488) thrown at [C:\re\workspace\8-2-build-windows-amd64-cygwin\jdk8u181\11358\hotspot\src\share\vm\prims\jni.cpp, line 709]
Event: 14.344 Thread 0x0000000003034000 Exception <a 'java/io/FileNotFoundException'> (0x00000000d80abbf8) thrown at [C:\re\workspace\8-2-build-windows-amd64-cygwin\jdk8u181\11358\hotspot\src\share\vm\prims\jni.cpp, line 709]
Event: 14.351 Thread 0x0000000003034000 Exception <a 'java/io/FileNotFoundException'> (0x00000000d81a2578) thrown at [C:\re\workspace\8-2-build-windows-amd64-cygwin\jdk8u181\11358\hotspot\src\share\vm\prims\jni.cpp, line 709]

Events (10 events):
Event: 14.358 Thread 0x000000001b043000 DEOPT UNPACKING pc=0x000000000317583b sp=0x00000000207dee20 mode 2
Event: 14.358 loading class sun/net/spi/DefaultProxySelector$NonProxyInfo
Event: 14.359 loading class sun/net/spi/DefaultProxySelector$NonProxyInfo done
Event: 14.359 loading class sun/net/spi/DefaultProxySelector$3
Event: 14.359 loading class sun/net/spi/DefaultProxySelector$3 done
Event: 14.359 loading class java/net/Proxy
Event: 14.359 loading class java/net/Proxy done
Event: 14.359 loading class java/net/Proxy$Type
Event: 14.359 loading class java/net/Proxy$Type done
Event: 14.362 Thread 0x000000001b045000 Thread exited: 0x000000001b045000


Dynamic libraries:
0x00007ff75a230000 - 0x00007ff75a267000 	C:\Program Files (x86)\Microchip\MPLABX\v5.20\sys\java\jre1.8.0_181\bin\java.exe
0x00007fff5fbc0000 - 0x00007fff5fdb0000 	C:\WINDOWS\SYSTEM32\ntdll.dll
0x00007fff5fac0000 - 0x00007fff5fb72000 	C:\WINDOWS\System32\KERNEL32.DLL
0x00007fff5cb50000 - 0x00007fff5cdf3000 	C:\WINDOWS\System32\KERNELBASE.dll
0x00007fff5ea00000 - 0x00007fff5eaa3000 	C:\WINDOWS\System32\ADVAPI32.dll
0x00007fff5dcb0000 - 0x00007fff5dd4e000 	C:\WINDOWS\System32\msvcrt.dll
0x00007fff5e5c0000 - 0x00007fff5e657000 	C:\WINDOWS\System32\sechost.dll
0x00007fff5e8e0000 - 0x00007fff5ea00000 	C:\WINDOWS\System32\RPCRT4.dll
0x00007fff5ef30000 - 0x00007fff5f0c3000 	C:\WINDOWS\System32\USER32.dll
0x00007fff5d940000 - 0x00007fff5d961000 	C:\WINDOWS\System32\win32u.dll
0x00007fff5e510000 - 0x00007fff5e536000 	C:\WINDOWS\System32\GDI32.dll
0x00007fff5d7a0000 - 0x00007fff5d934000 	C:\WINDOWS\System32\gdi32full.dll
0x00007fff5d700000 - 0x00007fff5d79e000 	C:\WINDOWS\System32\msvcp_win.dll
0x00007fff5db70000 - 0x00007fff5dc6a000 	C:\WINDOWS\System32\ucrtbase.dll
0x00007fff4a2c0000 - 0x00007fff4a545000 	C:\WINDOWS\WinSxS\amd64_microsoft.windows.common-controls_6595b64144ccf1df_6.0.18362.356_none_e6c4af7d130f27cc\COMCTL32.dll
0x00007fff5f780000 - 0x00007fff5fab6000 	C:\WINDOWS\System32\combase.dll
0x00007fff5d630000 - 0x00007fff5d6b0000 	C:\WINDOWS\System32\bcryptPrimitives.dll
0x00007fff5dc80000 - 0x00007fff5dcae000 	C:\WINDOWS\System32\IMM32.DLL
0x00007e1100000000 - 0x00007e110006e000 	D:\Documents\cmder\vendor\conemu-maximus5\ConEmu\ConEmuHk64.dll
0x0000000065c80000 - 0x0000000065d52000 	C:\Program Files (x86)\Microchip\MPLABX\v5.20\sys\java\jre1.8.0_181\bin\msvcr100.dll
0x00000000653d0000 - 0x0000000065c72000 	C:\Program Files (x86)\Microchip\MPLABX\v5.20\sys\java\jre1.8.0_181\bin\server\jvm.dll
0x00007fff5dc70000 - 0x00007fff5dc78000 	C:\WINDOWS\System32\PSAPI.DLL
0x00007fff568f0000 - 0x00007fff568fa000 	C:\WINDOWS\SYSTEM32\VERSION.dll
0x00007fff387b0000 - 0x00007fff387b9000 	C:\WINDOWS\SYSTEM32\WSOCK32.dll
0x00007fff5ad70000 - 0x00007fff5ad94000 	C:\WINDOWS\SYSTEM32\WINMM.dll
0x00007fff5e870000 - 0x00007fff5e8df000 	C:\WINDOWS\System32\WS2_32.dll
0x00007fff5aab0000 - 0x00007fff5aadd000 	C:\WINDOWS\SYSTEM32\winmmbase.dll
0x00007fff5d6b0000 - 0x00007fff5d6fa000 	C:\WINDOWS\System32\cfgmgr32.dll
0x00000000653c0000 - 0x00000000653cf000 	C:\Program Files (x86)\Microchip\MPLABX\v5.20\sys\java\jre1.8.0_181\bin\verify.dll
0x0000000065390000 - 0x00000000653b9000 	C:\Program Files (x86)\Microchip\MPLABX\v5.20\sys\java\jre1.8.0_181\bin\java.dll
0x0000000065370000 - 0x0000000065386000 	C:\Program Files (x86)\Microchip\MPLABX\v5.20\sys\java\jre1.8.0_181\bin\zip.dll
0x00007fff5dd50000 - 0x00007fff5e435000 	C:\WINDOWS\System32\SHELL32.dll
0x00007fff5f0d0000 - 0x00007fff5f179000 	C:\WINDOWS\System32\shcore.dll
0x00007fff5ce30000 - 0x00007fff5d5ae000 	C:\WINDOWS\System32\windows.storage.dll
0x00007fff5cb10000 - 0x00007fff5cb2f000 	C:\WINDOWS\System32\profapi.dll
0x00007fff5caa0000 - 0x00007fff5caea000 	C:\WINDOWS\System32\powrprof.dll
0x00007fff5ca90000 - 0x00007fff5caa0000 	C:\WINDOWS\System32\UMPDC.dll
0x00007fff5ec30000 - 0x00007fff5ec82000 	C:\WINDOWS\System32\shlwapi.dll
0x00007fff5caf0000 - 0x00007fff5cb01000 	C:\WINDOWS\System32\kernel.appcore.dll
0x00007fff5d610000 - 0x00007fff5d627000 	C:\WINDOWS\System32\cryptsp.dll
0x0000000065350000 - 0x000000006536a000 	C:\Program Files (x86)\Microchip\MPLABX\v5.20\sys\java\jre1.8.0_181\bin\net.dll
0x00007fff5c2a0000 - 0x00007fff5c307000 	C:\WINDOWS\system32\mswsock.dll
0x0000000065330000 - 0x0000000065341000 	C:\Program Files (x86)\Microchip\MPLABX\v5.20\sys\java\jre1.8.0_181\bin\nio.dll
0x00007fff58520000 - 0x00007fff58555000 	C:\Windows\System32\SEGGERAccessLink.dll
0x00007fff1d1e0000 - 0x00007fff1e933000 	C:\WINDOWS\SYSTEM32\jlinkpic32.dll
0x00007fff5f2f0000 - 0x00007fff5f760000 	C:\WINDOWS\System32\SETUPAPI.dll
0x00007fff5ce00000 - 0x00007fff5ce26000 	C:\WINDOWS\System32\bcrypt.dll
0x000000001b7f0000 - 0x000000001b8c0000 	C:\WINDOWS\System32\COMDLG32.dll
0x00007fff5bfb0000 - 0x00007fff5bfea000 	C:\WINDOWS\SYSTEM32\IPHLPAPI.DLL
0x00007fff5ae10000 - 0x00007fff5aea9000 	C:\WINDOWS\system32\uxtheme.dll
0x00007fff5ede0000 - 0x00007fff5ef15000 	C:\WINDOWS\System32\MSCTF.dll
0x00007fff5ec90000 - 0x00007fff5ed54000 	C:\WINDOWS\System32\OLEAUT32.dll
0x00007fff53460000 - 0x00007fff534a5000 	C:\Windows\System32\USBAccessLink_3_40.dll
0x00007fff5b6a0000 - 0x00007fff5b6ae000 	C:\WINDOWS\SYSTEM32\HID.DLL
0x00007fff5acc0000 - 0x00007fff5accc000 	C:\WINDOWS\SYSTEM32\winusb.dll
0x0000000065310000 - 0x0000000065325000 	C:\WINDOWS\SYSTEM32\libusb0.dll
0x00007fff5ac50000 - 0x00007fff5ac75000 	C:\Windows\System32\SerialAccessLink_3_16.dll
0x00007fff5c890000 - 0x00007fff5c8ba000 	C:\WINDOWS\SYSTEM32\DEVOBJ.dll
0x00007fff5d5b0000 - 0x00007fff5d60c000 	C:\WINDOWS\System32\WINTRUST.dll
0x000000001bcf0000 - 0x000000001bd02000 	C:\WINDOWS\System32\MSASN1.dll
0x00007fff5d970000 - 0x00007fff5dab9000 	C:\WINDOWS\System32\CRYPT32.dll
0x00007fff5bff0000 - 0x00007fff5c0ba000 	C:\WINDOWS\SYSTEM32\DNSAPI.dll
0x00007fff5ef20000 - 0x00007fff5ef28000 	C:\WINDOWS\System32\NSI.dll
0x00007fff56d30000 - 0x00007fff56d3a000 	C:\Windows\System32\rasadhlp.dll
0x00007fff57830000 - 0x00007fff578a7000 	C:\WINDOWS\System32\fwpuclnt.dll
0x0000000065170000 - 0x0000000065309000 	C:\Program Files (x86)\Microchip\MPLABX\v5.20\sys\java\jre1.8.0_181\bin\awt.dll
0x00007fff5ace0000 - 0x00007fff5ad6f000 	C:\WINDOWS\SYSTEM32\apphelp.dll
0x00007fff54760000 - 0x00007fff54954000 	C:\WINDOWS\SYSTEM32\dbghelp.dll

VM Arguments:
java_command: C:\Program Files (x86)\Microchip\MPLABX\v5.20\mplab_platform\mplab_ipe\ipecmd.jar -P24FJ256GA702 -L -M -Fdistdefaultproductioncanbus_boiler_switch_v1.X.production.hex -?TPK3
java_class_path (initial): C:\Program Files (x86)\Microchip\MPLABX\v5.20\mplab_platform\mplab_ipe\ipecmd.jar
Launcher Type: SUN_STANDARD

Environment Variables:
USERNAME=scdag
OS=Windows_NT
PROCESSOR_IDENTIFIER=Intel64 Family 6 Model 58 Stepping 9, GenuineIntel



---------------  S Y S T E M  ---------------

OS: Windows 10.0 , 64 bit Build 18362 (10.0.18362.329)

CPU:total 8 (initial active 8) (4 cores per cpu, 2 threads per core) family 6 model 58 stepping 9, cmov, cx8, fxsr, mmx, sse, sse2, sse3, ssse3, sse4.1, sse4.2, popcnt, avx, aes, clmul, erms, ht, tsc, tscinvbit, tscinv

Memory: 4k page, physical 8337020k(4673820k free), swap 12028048k(7280316k free)

vm_info: Java HotSpot(TM) 64-Bit Server VM (25.181-b13) for windows-amd64 JRE (1.8.0_181-b13), built on Jul  7 2018 04:01:33 by "java_re" with MS VC++ 10.0 (VS2010)

time: Sat Oct 05 11:28:33 2019
elapsed time: 16 seconds (0d 0h 0m 16s)

